This is pdfTeX, Version 3.141592653-2.6-1.40.22 (TeX Live 2021/Arch Linux) (preloaded format=etex 2021.8.26)  27 OCT 2021 13:30
entering extended mode
 \write18 enabled.
 %&-line parsing enabled.
**main
(./main.tex (./macros.tex
\tmpcntA=\count27
\tmpcntB=\count28
\tmptokA=\toks13
) (./display.tex) (./game.tex
\score=\count29
\xx=\count30
\yy=\count31
\cells=\toks14
\out=\toks15
) 

runsystem(echo -n "^^[[2J^^[[2;1H")...executed.

runsystem(echo "^^[[33;1mWelcome to 2048TeX!^^[[0m")...executed.

 

runsystem(echo "                ^")...executed.

runsystem(echo "                ^^[[7m^^[[1mk^^[[0m")...executed.

runsystem(echo " ^^[[1mControls^^[[0m: < ^^[[7m^^[[1mh^^[[0m     ^^[[7m^^[[1ml^
^[[0m> + ^^[[7m^^[[1mENTER^^[[0m for movement.")...executed.

runsystem(echo "                ^^[[7m^^[[1mj^^[[0m")...executed.

runsystem(echo "                v")...executed.

 

runsystem(echo " ^^[[4mbye^^[[0m or ^^[[7m^^[[1m^^[[31;1m^D^^[[0m to quit.")...
executed.

 

runsystem(echo " Enter the board size and press ^^[[7m^^[[1mENTER^^[[0m (leave 
blank for ^^[[1m4^^[[0m): ")...executed.

 

runsystem(echo -n "^^[[?25l^^[[7l")...executed.


runsystem(echo -n "^^[[2J^^[[2;1H")...executed.

runsystem(echo -n "^^[[1;36H^^[[1mScore^^[[0m: ^^[[33;1m0^^[[0m^^[[2;1H")...exe
cuted.

runsystem(echo "^^[[1;1H^^[[48;2;187;173;160m         ^^[[0m")...executed.

runsystem(echo "^^[[2;1H^^[[48;2;187;173;160m ^^[[48;2;205;193;180m       ^^[[4
8;2;187;173;160m ^^[[0m")...executed.

runsystem(echo "^^[[3;1H^^[[48;2;187;173;160m ^^[[48;2;205;193;180m       ^^[[4
8;2;187;173;160m ^^[[0m")...executed.

runsystem(echo "^^[[4;1H^^[[48;2;187;173;160m ^^[[48;2;205;193;180m       ^^[[4
8;2;187;173;160m ^^[[0m")...executed.

runsystem(echo "^^[[5;1H^^[[48;2;187;173;160m         ^^[[0m")...executed.

runsystem(echo "^^[[1;9H^^[[48;2;187;173;160m         ^^[[0m")...executed.

runsystem(echo "^^[[2;9H^^[[48;2;187;173;160m ^^[[48;2;205;193;180m       ^^[[4
8;2;187;173;160m ^^[[0m")...executed.

runsystem(echo "^^[[3;9H^^[[48;2;187;173;160m ^^[[48;2;205;193;180m       ^^[[4
8;2;187;173;160m ^^[[0m")...executed.

runsystem(echo "^^[[4;9H^^[[48;2;187;173;160m ^^[[48;2;205;193;180m       ^^[[4
8;2;187;173;160m ^^[[0m")...executed.

runsystem(echo "^^[[5;9H^^[[48;2;187;173;160m         ^^[[0m")...executed.

runsystem(echo "^^[[1;17H^^[[48;2;187;173;160m         ^^[[0m")...executed.

runsystem(echo "^^[[2;17H^^[[48;2;187;173;160m ^^[[48;2;205;193;180m       ^^[[
48;2;187;173;160m ^^[[0m")...executed.

runsystem(echo "^^[[3;17H^^[[48;2;187;173;160m ^^[[48;2;205;193;180m       ^^[[
48;2;187;173;160m ^^[[0m")...executed.

runsystem(echo "^^[[4;17H^^[[48;2;187;173;160m ^^[[48;2;205;193;180m       ^^[[
48;2;187;173;160m ^^[[0m")...executed.

runsystem(echo "^^[[5;17H^^[[48;2;187;173;160m         ^^[[0m")...executed.

runsystem(echo "^^[[1;25H^^[[48;2;187;173;160m         ^^[[0m")...executed.

runsystem(echo "^^[[2;25H^^[[48;2;187;173;160m ^^[[48;2;205;193;180m       ^^[[
48;2;187;173;160m ^^[[0m")...executed.

runsystem(echo "^^[[3;25H^^[[48;2;187;173;160m ^^[[48;2;205;193;180m       ^^[[
48;2;187;173;160m ^^[[0m")...executed.

runsystem(echo "^^[[4;25H^^[[48;2;187;173;160m ^^[[48;2;205;193;180m       ^^[[
48;2;187;173;160m ^^[[0m")...executed.

runsystem(echo "^^[[5;25H^^[[48;2;187;173;160m         ^^[[0m")...executed.

runsystem(echo "^^[[5;1H^^[[48;2;187;173;160m         ^^[[0m")...executed.

runsystem(echo "^^[[6;1H^^[[48;2;187;173;160m ^^[[48;2;205;193;180m       ^^[[4
8;2;187;173;160m ^^[[0m")...executed.

runsystem(echo "^^[[7;1H^^[[48;2;187;173;160m ^^[[48;2;205;193;180m       ^^[[4
8;2;187;173;160m ^^[[0m")...executed.

runsystem(echo "^^[[8;1H^^[[48;2;187;173;160m ^^[[48;2;205;193;180m       ^^[[4
8;2;187;173;160m ^^[[0m")...executed.

runsystem(echo "^^[[9;1H^^[[48;2;187;173;160m         ^^[[0m")...executed.

runsystem(echo "^^[[5;9H^^[[48;2;187;173;160m         ^^[[0m")...executed.

runsystem(echo "^^[[6;9H^^[[48;2;187;173;160m ^^[[48;2;237;224;200m       ^^[[4
8;2;187;173;160m ^^[[0m")...executed.

runsystem(echo "^^[[7;9H^^[[48;2;187;173;160m ^^[[48;2;237;224;200m   ^^[[38;2;
119;110;101m^^[[1m4^^[[0m^^[[48;2;237;224;200m   ^^[[48;2;187;173;160m ^^[[0m")
...executed.

runsystem(echo "^^[[8;9H^^[[48;2;187;173;160m ^^[[48;2;237;224;200m       ^^[[4
8;2;187;173;160m ^^[[0m")...executed.

runsystem(echo "^^[[9;9H^^[[48;2;187;173;160m         ^^[[0m")...executed.

runsystem(echo "^^[[5;17H^^[[48;2;187;173;160m         ^^[[0m")...executed.

runsystem(echo "^^[[6;17H^^[[48;2;187;173;160m ^^[[48;2;205;193;180m       ^^[[
48;2;187;173;160m ^^[[0m")...executed.

runsystem(echo "^^[[7;17H^^[[48;2;187;173;160m ^^[[48;2;205;193;180m       ^^[[
48;2;187;173;160m ^^[[0m")...executed.

runsystem(echo "^^[[8;17H^^[[48;2;187;173;160m ^^[[48;2;205;193;180m       ^^[[
48;2;187;173;160m ^^[[0m")...executed.

runsystem(echo "^^[[9;17H^^[[48;2;187;173;160m         ^^[[0m")...executed.

runsystem(echo "^^[[5;25H^^[[48;2;187;173;160m         ^^[[0m")...executed.

runsystem(echo "^^[[6;25H^^[[48;2;187;173;160m ^^[[48;2;205;193;180m       ^^[[
48;2;187;173;160m ^^[[0m")...executed.

runsystem(echo "^^[[7;25H^^[[48;2;187;173;160m ^^[[48;2;205;193;180m       ^^[[
48;2;187;173;160m ^^[[0m")...executed.

runsystem(echo "^^[[8;25H^^[[48;2;187;173;160m ^^[[48;2;205;193;180m       ^^[[
48;2;187;173;160m ^^[[0m")...executed.

runsystem(echo "^^[[9;25H^^[[48;2;187;173;160m         ^^[[0m")...executed.

runsystem(echo "^^[[9;1H^^[[48;2;187;173;160m         ^^[[0m")...executed.

runsystem(echo "^^[[10;1H^^[[48;2;187;173;160m ^^[[48;2;205;193;180m       ^^[[
48;2;187;173;160m ^^[[0m")...executed.

runsystem(echo "^^[[11;1H^^[[48;2;187;173;160m ^^[[48;2;205;193;180m       ^^[[
48;2;187;173;160m ^^[[0m")...executed.

runsystem(echo "^^[[12;1H^^[[48;2;187;173;160m ^^[[48;2;205;193;180m       ^^[[
48;2;187;173;160m ^^[[0m")...executed.

runsystem(echo "^^[[13;1H^^[[48;2;187;173;160m         ^^[[0m")...executed.

runsystem(echo "^^[[9;9H^^[[48;2;187;173;160m         ^^[[0m")...executed.

runsystem(echo "^^[[10;9H^^[[48;2;187;173;160m ^^[[48;2;205;193;180m       ^^[[
48;2;187;173;160m ^^[[0m")...executed.

runsystem(echo "^^[[11;9H^^[[48;2;187;173;160m ^^[[48;2;205;193;180m       ^^[[
48;2;187;173;160m ^^[[0m")...executed.

runsystem(echo "^^[[12;9H^^[[48;2;187;173;160m ^^[[48;2;205;193;180m       ^^[[
48;2;187;173;160m ^^[[0m")...executed.

runsystem(echo "^^[[13;9H^^[[48;2;187;173;160m         ^^[[0m")...executed.

runsystem(echo "^^[[9;17H^^[[48;2;187;173;160m         ^^[[0m")...executed.

runsystem(echo "^^[[10;17H^^[[48;2;187;173;160m ^^[[48;2;205;193;180m       ^^[
[48;2;187;173;160m ^^[[0m")...executed.

runsystem(echo "^^[[11;17H^^[[48;2;187;173;160m ^^[[48;2;205;193;180m       ^^[
[48;2;187;173;160m ^^[[0m")...executed.

runsystem(echo "^^[[12;17H^^[[48;2;187;173;160m ^^[[48;2;205;193;180m       ^^[
[48;2;187;173;160m ^^[[0m")...executed.

runsystem(echo "^^[[13;17H^^[[48;2;187;173;160m         ^^[[0m")...executed.

runsystem(echo "^^[[9;25H^^[[48;2;187;173;160m         ^^[[0m")...executed.

runsystem(echo "^^[[10;25H^^[[48;2;187;173;160m ^^[[48;2;205;193;180m       ^^[
[48;2;187;173;160m ^^[[0m")...executed.

runsystem(echo "^^[[11;25H^^[[48;2;187;173;160m ^^[[48;2;205;193;180m       ^^[
[48;2;187;173;160m ^^[[0m")...executed.

runsystem(echo "^^[[12;25H^^[[48;2;187;173;160m ^^[[48;2;205;193;180m       ^^[
[48;2;187;173;160m ^^[[0m")...executed.

runsystem(echo "^^[[13;25H^^[[48;2;187;173;160m         ^^[[0m")...executed.

runsystem(echo "^^[[13;1H^^[[48;2;187;173;160m         ^^[[0m")...executed.

runsystem(echo "^^[[14;1H^^[[48;2;187;173;160m ^^[[48;2;205;193;180m       ^^[[
48;2;187;173;160m ^^[[0m")...executed.

runsystem(echo "^^[[15;1H^^[[48;2;187;173;160m ^^[[48;2;205;193;180m       ^^[[
48;2;187;173;160m ^^[[0m")...executed.

runsystem(echo "^^[[16;1H^^[[48;2;187;173;160m ^^[[48;2;205;193;180m       ^^[[
48;2;187;173;160m ^^[[0m")...executed.

runsystem(echo "^^[[17;1H^^[[48;2;187;173;160m         ^^[[0m")...executed.

runsystem(echo "^^[[13;9H^^[[48;2;187;173;160m         ^^[[0m")...executed.

runsystem(echo "^^[[14;9H^^[[48;2;187;173;160m ^^[[48;2;205;193;180m       ^^[[
48;2;187;173;160m ^^[[0m")...executed.

runsystem(echo "^^[[15;9H^^[[48;2;187;173;160m ^^[[48;2;205;193;180m       ^^[[
48;2;187;173;160m ^^[[0m")...executed.

runsystem(echo "^^[[16;9H^^[[48;2;187;173;160m ^^[[48;2;205;193;180m       ^^[[
48;2;187;173;160m ^^[[0m")...executed.

runsystem(echo "^^[[17;9H^^[[48;2;187;173;160m         ^^[[0m")...executed.

runsystem(echo "^^[[13;17H^^[[48;2;187;173;160m         ^^[[0m")...executed.

runsystem(echo "^^[[14;17H^^[[48;2;187;173;160m ^^[[48;2;205;193;180m       ^^[
[48;2;187;173;160m ^^[[0m")...executed.

runsystem(echo "^^[[15;17H^^[[48;2;187;173;160m ^^[[48;2;205;193;180m       ^^[
[48;2;187;173;160m ^^[[0m")...executed.

runsystem(echo "^^[[16;17H^^[[48;2;187;173;160m ^^[[48;2;205;193;180m       ^^[
[48;2;187;173;160m ^^[[0m")...executed.

runsystem(echo "^^[[17;17H^^[[48;2;187;173;160m         ^^[[0m")...executed.

runsystem(echo "^^[[13;25H^^[[48;2;187;173;160m         ^^[[0m")...executed.

runsystem(echo "^^[[14;25H^^[[48;2;187;173;160m ^^[[48;2;205;193;180m       ^^[
[48;2;187;173;160m ^^[[0m")...executed.

runsystem(echo "^^[[15;25H^^[[48;2;187;173;160m ^^[[48;2;205;193;180m       ^^[
[48;2;187;173;160m ^^[[0m")...executed.

runsystem(echo "^^[[16;25H^^[[48;2;187;173;160m ^^[[48;2;205;193;180m       ^^[
[48;2;187;173;160m ^^[[0m")...executed.

runsystem(echo "^^[[17;25H^^[[48;2;187;173;160m         ^^[[0m")...executed.

j
runsystem(echo -n "^^[[0J")...executed.

runsystem(echo -n "^^[[1;36H^^[[1mScore^^[[0m: ^^[[33;1m0^^[[0m^^[[2;1H")...exe
cuted.

runsystem(echo "^^[[1;1H^^[[48;2;187;173;160m         ^^[[0m")...executed.

runsystem(echo "^^[[2;1H^^[[48;2;187;173;160m ^^[[48;2;205;193;180m       ^^[[4
8;2;187;173;160m ^^[[0m")...executed.

runsystem(echo "^^[[3;1H^^[[48;2;187;173;160m ^^[[48;2;205;193;180m       ^^[[4
8;2;187;173;160m ^^[[0m")...executed.

runsystem(echo "^^[[4;1H^^[[48;2;187;173;160m ^^[[48;2;205;193;180m       ^^[[4
8;2;187;173;160m ^^[[0m")...executed.

runsystem(echo "^^[[5;1H^^[[48;2;187;173;160m         ^^[[0m")...executed.

runsystem(echo "^^[[1;9H^^[[48;2;187;173;160m         ^^[[0m")...executed.

runsystem(echo "^^[[2;9H^^[[48;2;187;173;160m ^^[[48;2;205;193;180m       ^^[[4
8;2;187;173;160m ^^[[0m")...executed.

runsystem(echo "^^[[3;9H^^[[48;2;187;173;160m ^^[[48;2;205;193;180m       ^^[[4
8;2;187;173;160m ^^[[0m")...executed.

runsystem(echo "^^[[4;9H^^[[48;2;187;173;160m ^^[[48;2;205;193;180m       ^^[[4
8;2;187;173;160m ^^[[0m")...executed.

runsystem(echo "^^[[5;9H^^[[48;2;187;173;160m         ^^[[0m")...executed.

runsystem(echo "^^[[1;17H^^[[48;2;187;173;160m         ^^[[0m")...executed.

runsystem(echo "^^[[2;17H^^[[48;2;187;173;160m ^^[[48;2;205;193;180m       ^^[[
48;2;187;173;160m ^^[[0m")...executed.

runsystem(echo "^^[[3;17H^^[[48;2;187;173;160m ^^[[48;2;205;193;180m       ^^[[
48;2;187;173;160m ^^[[0m")...executed.

runsystem(echo "^^[[4;17H^^[[48;2;187;173;160m ^^[[48;2;205;193;180m       ^^[[
48;2;187;173;160m ^^[[0m")...executed.

runsystem(echo "^^[[5;17H^^[[48;2;187;173;160m         ^^[[0m")...executed.

runsystem(echo "^^[[1;25H^^[[48;2;187;173;160m         ^^[[0m")...executed.

runsystem(echo "^^[[2;25H^^[[48;2;187;173;160m ^^[[48;2;205;193;180m       ^^[[
48;2;187;173;160m ^^[[0m")...executed.

runsystem(echo "^^[[3;25H^^[[48;2;187;173;160m ^^[[48;2;205;193;180m       ^^[[
48;2;187;173;160m ^^[[0m")...executed.

runsystem(echo "^^[[4;25H^^[[48;2;187;173;160m ^^[[48;2;205;193;180m       ^^[[
48;2;187;173;160m ^^[[0m")...executed.

runsystem(echo "^^[[5;25H^^[[48;2;187;173;160m         ^^[[0m")...executed.

runsystem(echo "^^[[5;1H^^[[48;2;187;173;160m         ^^[[0m")...executed.

runsystem(echo "^^[[6;1H^^[[48;2;187;173;160m ^^[[48;2;205;193;180m       ^^[[4
8;2;187;173;160m ^^[[0m")...executed.

runsystem(echo "^^[[7;1H^^[[48;2;187;173;160m ^^[[48;2;205;193;180m       ^^[[4
8;2;187;173;160m ^^[[0m")...executed.

runsystem(echo "^^[[8;1H^^[[48;2;187;173;160m ^^[[48;2;205;193;180m       ^^[[4
8;2;187;173;160m ^^[[0m")...executed.

runsystem(echo "^^[[9;1H^^[[48;2;187;173;160m         ^^[[0m")...executed.

runsystem(echo "^^[[5;9H^^[[48;2;187;173;160m         ^^[[0m")...executed.

runsystem(echo "^^[[6;9H^^[[48;2;187;173;160m ^^[[48;2;237;224;200m       ^^[[4
8;2;187;173;160m ^^[[0m")...executed.

runsystem(echo "^^[[7;9H^^[[48;2;187;173;160m ^^[[48;2;237;224;200m   ^^[[38;2;
119;110;101m^^[[1m4^^[[0m^^[[48;2;237;224;200m   ^^[[48;2;187;173;160m ^^[[0m")
...executed.

runsystem(echo "^^[[8;9H^^[[48;2;187;173;160m ^^[[48;2;237;224;200m       ^^[[4
8;2;187;173;160m ^^[[0m")...executed.

runsystem(echo "^^[[9;9H^^[[48;2;187;173;160m         ^^[[0m")...executed.

runsystem(echo "^^[[5;17H^^[[48;2;187;173;160m         ^^[[0m")...executed.

runsystem(echo "^^[[6;17H^^[[48;2;187;173;160m ^^[[48;2;205;193;180m       ^^[[
48;2;187;173;160m ^^[[0m")...executed.

runsystem(echo "^^[[7;17H^^[[48;2;187;173;160m ^^[[48;2;205;193;180m       ^^[[
48;2;187;173;160m ^^[[0m")...executed.

runsystem(echo "^^[[8;17H^^[[48;2;187;173;160m ^^[[48;2;205;193;180m       ^^[[
48;2;187;173;160m ^^[[0m")...executed.

runsystem(echo "^^[[9;17H^^[[48;2;187;173;160m         ^^[[0m")...executed.

runsystem(echo "^^[[5;25H^^[[48;2;187;173;160m         ^^[[0m")...executed.

runsystem(echo "^^[[6;25H^^[[48;2;187;173;160m ^^[[48;2;205;193;180m       ^^[[
48;2;187;173;160m ^^[[0m")...executed.

runsystem(echo "^^[[7;25H^^[[48;2;187;173;160m ^^[[48;2;205;193;180m       ^^[[
48;2;187;173;160m ^^[[0m")...executed.

runsystem(echo "^^[[8;25H^^[[48;2;187;173;160m ^^[[48;2;205;193;180m       ^^[[
48;2;187;173;160m ^^[[0m")...executed.

runsystem(echo "^^[[9;25H^^[[48;2;187;173;160m         ^^[[0m")...executed.

runsystem(echo "^^[[9;1H^^[[48;2;187;173;160m         ^^[[0m")...executed.

runsystem(echo "^^[[10;1H^^[[48;2;187;173;160m ^^[[48;2;205;193;180m       ^^[[
48;2;187;173;160m ^^[[0m")...executed.

runsystem(echo "^^[[11;1H^^[[48;2;187;173;160m ^^[[48;2;205;193;180m       ^^[[
48;2;187;173;160m ^^[[0m")...executed.

runsystem(echo "^^[[12;1H^^[[48;2;187;173;160m ^^[[48;2;205;193;180m       ^^[[
48;2;187;173;160m ^^[[0m")...executed.

runsystem(echo "^^[[13;1H^^[[48;2;187;173;160m         ^^[[0m")...executed.

runsystem(echo "^^[[9;9H^^[[48;2;187;173;160m         ^^[[0m")...executed.

runsystem(echo "^^[[10;9H^^[[48;2;187;173;160m ^^[[48;2;205;193;180m       ^^[[
48;2;187;173;160m ^^[[0m")...executed.

runsystem(echo "^^[[11;9H^^[[48;2;187;173;160m ^^[[48;2;205;193;180m       ^^[[
48;2;187;173;160m ^^[[0m")...executed.

runsystem(echo "^^[[12;9H^^[[48;2;187;173;160m ^^[[48;2;205;193;180m       ^^[[
48;2;187;173;160m ^^[[0m")...executed.

runsystem(echo "^^[[13;9H^^[[48;2;187;173;160m         ^^[[0m")...executed.

runsystem(echo "^^[[9;17H^^[[48;2;187;173;160m         ^^[[0m")...executed.

runsystem(echo "^^[[10;17H^^[[48;2;187;173;160m ^^[[48;2;205;193;180m       ^^[
[48;2;187;173;160m ^^[[0m")...executed.

runsystem(echo "^^[[11;17H^^[[48;2;187;173;160m ^^[[48;2;205;193;180m       ^^[
[48;2;187;173;160m ^^[[0m")...executed.

runsystem(echo "^^[[12;17H^^[[48;2;187;173;160m ^^[[48;2;205;193;180m       ^^[
[48;2;187;173;160m ^^[[0m")...executed.

runsystem(echo "^^[[13;17H^^[[48;2;187;173;160m         ^^[[0m")...executed.

runsystem(echo "^^[[9;25H^^[[48;2;187;173;160m         ^^[[0m")...executed.

runsystem(echo "^^[[10;25H^^[[48;2;187;173;160m ^^[[48;2;205;193;180m       ^^[
[48;2;187;173;160m ^^[[0m")...executed.

runsystem(echo "^^[[11;25H^^[[48;2;187;173;160m ^^[[48;2;205;193;180m       ^^[
[48;2;187;173;160m ^^[[0m")...executed.

runsystem(echo "^^[[12;25H^^[[48;2;187;173;160m ^^[[48;2;205;193;180m       ^^[
[48;2;187;173;160m ^^[[0m")...executed.

runsystem(echo "^^[[13;25H^^[[48;2;187;173;160m         ^^[[0m")...executed.

runsystem(echo "^^[[13;1H^^[[48;2;187;173;160m         ^^[[0m")...executed.

runsystem(echo "^^[[14;1H^^[[48;2;187;173;160m ^^[[48;2;205;193;180m       ^^[[
48;2;187;173;160m ^^[[0m")...executed.

runsystem(echo "^^[[15;1H^^[[48;2;187;173;160m ^^[[48;2;205;193;180m       ^^[[
48;2;187;173;160m ^^[[0m")...executed.

runsystem(echo "^^[[16;1H^^[[48;2;187;173;160m ^^[[48;2;205;193;180m       ^^[[
48;2;187;173;160m ^^[[0m")...executed.

runsystem(echo "^^[[17;1H^^[[48;2;187;173;160m         ^^[[0m")...executed.

runsystem(echo "^^[[13;9H^^[[48;2;187;173;160m         ^^[[0m")...executed.

runsystem(echo "^^[[14;9H^^[[48;2;187;173;160m ^^[[48;2;237;224;200m       ^^[[
48;2;187;173;160m ^^[[0m")...executed.

runsystem(echo "^^[[15;9H^^[[48;2;187;173;160m ^^[[48;2;237;224;200m   ^^[[38;2
;119;110;101m^^[[1m4^^[[0m^^[[48;2;237;224;200m   ^^[[48;2;187;173;160m ^^[[0m"
)...executed.

runsystem(echo "^^[[16;9H^^[[48;2;187;173;160m ^^[[48;2;237;224;200m       ^^[[
48;2;187;173;160m ^^[[0m")...executed.

runsystem(echo "^^[[17;9H^^[[48;2;187;173;160m         ^^[[0m")...executed.

runsystem(echo "^^[[13;17H^^[[48;2;187;173;160m         ^^[[0m")...executed.

runsystem(echo "^^[[14;17H^^[[48;2;187;173;160m ^^[[48;2;205;193;180m       ^^[
[48;2;187;173;160m ^^[[0m")...executed.

runsystem(echo "^^[[15;17H^^[[48;2;187;173;160m ^^[[48;2;205;193;180m       ^^[
[48;2;187;173;160m ^^[[0m")...executed.

runsystem(echo "^^[[16;17H^^[[48;2;187;173;160m ^^[[48;2;205;193;180m       ^^[
[48;2;187;173;160m ^^[[0m")...executed.

runsystem(echo "^^[[17;17H^^[[48;2;187;173;160m         ^^[[0m")...executed.

runsystem(echo "^^[[13;25H^^[[48;2;187;173;160m         ^^[[0m")...executed.

runsystem(echo "^^[[14;25H^^[[48;2;187;173;160m ^^[[48;2;205;193;180m       ^^[
[48;2;187;173;160m ^^[[0m")...executed.

runsystem(echo "^^[[15;25H^^[[48;2;187;173;160m ^^[[48;2;205;193;180m       ^^[
[48;2;187;173;160m ^^[[0m")...executed.

runsystem(echo "^^[[16;25H^^[[48;2;187;173;160m ^^[[48;2;205;193;180m       ^^[
[48;2;187;173;160m ^^[[0m")...executed.

runsystem(echo "^^[[17;25H^^[[48;2;187;173;160m         ^^[[0m")...executed.

h
runsystem(echo -n "^^[[0J")...executed.

runsystem(echo -n "^^[[1;36H^^[[1mScore^^[[0m: ^^[[33;1m0^^[[0m^^[[2;1H")...exe
cuted.

runsystem(echo "^^[[1;1H^^[[48;2;187;173;160m         ^^[[0m")...executed.

runsystem(echo "^^[[2;1H^^[[48;2;187;173;160m ^^[[48;2;205;193;180m       ^^[[4
8;2;187;173;160m ^^[[0m")...executed.

runsystem(echo "^^[[3;1H^^[[48;2;187;173;160m ^^[[48;2;205;193;180m       ^^[[4
8;2;187;173;160m ^^[[0m")...executed.

runsystem(echo "^^[[4;1H^^[[48;2;187;173;160m ^^[[48;2;205;193;180m       ^^[[4
8;2;187;173;160m ^^[[0m")...executed.

runsystem(echo "^^[[5;1H^^[[48;2;187;173;160m         ^^[[0m")...executed.

runsystem(echo "^^[[1;9H^^[[48;2;187;173;160m         ^^[[0m")...executed.

runsystem(echo "^^[[2;9H^^[[48;2;187;173;160m ^^[[48;2;205;193;180m       ^^[[4
8;2;187;173;160m ^^[[0m")...executed.

runsystem(echo "^^[[3;9H^^[[48;2;187;173;160m ^^[[48;2;205;193;180m       ^^[[4
8;2;187;173;160m ^^[[0m")...executed.

runsystem(echo "^^[[4;9H^^[[48;2;187;173;160m ^^[[48;2;205;193;180m       ^^[[4
8;2;187;173;160m ^^[[0m")...executed.

runsystem(echo "^^[[5;9H^^[[48;2;187;173;160m         ^^[[0m")...executed.

runsystem(echo "^^[[1;17H^^[[48;2;187;173;160m         ^^[[0m")...executed.

runsystem(echo "^^[[2;17H^^[[48;2;187;173;160m ^^[[48;2;205;193;180m       ^^[[
48;2;187;173;160m ^^[[0m")...executed.

runsystem(echo "^^[[3;17H^^[[48;2;187;173;160m ^^[[48;2;205;193;180m       ^^[[
48;2;187;173;160m ^^[[0m")...executed.

runsystem(echo "^^[[4;17H^^[[48;2;187;173;160m ^^[[48;2;205;193;180m       ^^[[
48;2;187;173;160m ^^[[0m")...executed.

runsystem(echo "^^[[5;17H^^[[48;2;187;173;160m         ^^[[0m")...executed.

runsystem(echo "^^[[1;25H^^[[48;2;187;173;160m         ^^[[0m")...executed.

runsystem(echo "^^[[2;25H^^[[48;2;187;173;160m ^^[[48;2;205;193;180m       ^^[[
48;2;187;173;160m ^^[[0m")...executed.

runsystem(echo "^^[[3;25H^^[[48;2;187;173;160m ^^[[48;2;205;193;180m       ^^[[
48;2;187;173;160m ^^[[0m")...executed.

runsystem(echo "^^[[4;25H^^[[48;2;187;173;160m ^^[[48;2;205;193;180m       ^^[[
48;2;187;173;160m ^^[[0m")...executed.

runsystem(echo "^^[[5;25H^^[[48;2;187;173;160m         ^^[[0m")...executed.

runsystem(echo "^^[[5;1H^^[[48;2;187;173;160m         ^^[[0m")...executed.

runsystem(echo "^^[[6;1H^^[[48;2;187;173;160m ^^[[48;2;237;224;200m       ^^[[4
8;2;187;173;160m ^^[[0m")...executed.

runsystem(echo "^^[[7;1H^^[[48;2;187;173;160m ^^[[48;2;237;224;200m   ^^[[38;2;
119;110;101m^^[[1m4^^[[0m^^[[48;2;237;224;200m   ^^[[48;2;187;173;160m ^^[[0m")
...executed.

runsystem(echo "^^[[8;1H^^[[48;2;187;173;160m ^^[[48;2;237;224;200m       ^^[[4
8;2;187;173;160m ^^[[0m")...executed.

runsystem(echo "^^[[9;1H^^[[48;2;187;173;160m         ^^[[0m")...executed.

runsystem(echo "^^[[5;9H^^[[48;2;187;173;160m         ^^[[0m")...executed.

runsystem(echo "^^[[6;9H^^[[48;2;187;173;160m ^^[[48;2;205;193;180m       ^^[[4
8;2;187;173;160m ^^[[0m")...executed.

runsystem(echo "^^[[7;9H^^[[48;2;187;173;160m ^^[[48;2;205;193;180m       ^^[[4
8;2;187;173;160m ^^[[0m")...executed.

runsystem(echo "^^[[8;9H^^[[48;2;187;173;160m ^^[[48;2;205;193;180m       ^^[[4
8;2;187;173;160m ^^[[0m")...executed.

runsystem(echo "^^[[9;9H^^[[48;2;187;173;160m         ^^[[0m")...executed.

runsystem(echo "^^[[5;17H^^[[48;2;187;173;160m         ^^[[0m")...executed.

runsystem(echo "^^[[6;17H^^[[48;2;187;173;160m ^^[[48;2;205;193;180m       ^^[[
48;2;187;173;160m ^^[[0m")...executed.

runsystem(echo "^^[[7;17H^^[[48;2;187;173;160m ^^[[48;2;205;193;180m       ^^[[
48;2;187;173;160m ^^[[0m")...executed.

runsystem(echo "^^[[8;17H^^[[48;2;187;173;160m ^^[[48;2;205;193;180m       ^^[[
48;2;187;173;160m ^^[[0m")...executed.

runsystem(echo "^^[[9;17H^^[[48;2;187;173;160m         ^^[[0m")...executed.

runsystem(echo "^^[[5;25H^^[[48;2;187;173;160m         ^^[[0m")...executed.

runsystem(echo "^^[[6;25H^^[[48;2;187;173;160m ^^[[48;2;205;193;180m       ^^[[
48;2;187;173;160m ^^[[0m")...executed.

runsystem(echo "^^[[7;25H^^[[48;2;187;173;160m ^^[[48;2;205;193;180m       ^^[[
48;2;187;173;160m ^^[[0m")...executed.

runsystem(echo "^^[[8;25H^^[[48;2;187;173;160m ^^[[48;2;205;193;180m       ^^[[
48;2;187;173;160m ^^[[0m")...executed.

runsystem(echo "^^[[9;25H^^[[48;2;187;173;160m         ^^[[0m")...executed.

runsystem(echo "^^[[9;1H^^[[48;2;187;173;160m         ^^[[0m")...executed.

runsystem(echo "^^[[10;1H^^[[48;2;187;173;160m ^^[[48;2;205;193;180m       ^^[[
48;2;187;173;160m ^^[[0m")...executed.

runsystem(echo "^^[[11;1H^^[[48;2;187;173;160m ^^[[48;2;205;193;180m       ^^[[
48;2;187;173;160m ^^[[0m")...executed.

runsystem(echo "^^[[12;1H^^[[48;2;187;173;160m ^^[[48;2;205;193;180m       ^^[[
48;2;187;173;160m ^^[[0m")...executed.

runsystem(echo "^^[[13;1H^^[[48;2;187;173;160m         ^^[[0m")...executed.

runsystem(echo "^^[[9;9H^^[[48;2;187;173;160m         ^^[[0m")...executed.

runsystem(echo "^^[[10;9H^^[[48;2;187;173;160m ^^[[48;2;205;193;180m       ^^[[
48;2;187;173;160m ^^[[0m")...executed.

runsystem(echo "^^[[11;9H^^[[48;2;187;173;160m ^^[[48;2;205;193;180m       ^^[[
48;2;187;173;160m ^^[[0m")...executed.

runsystem(echo "^^[[12;9H^^[[48;2;187;173;160m ^^[[48;2;205;193;180m       ^^[[
48;2;187;173;160m ^^[[0m")...executed.

runsystem(echo "^^[[13;9H^^[[48;2;187;173;160m         ^^[[0m")...executed.

runsystem(echo "^^[[9;17H^^[[48;2;187;173;160m         ^^[[0m")...executed.

runsystem(echo "^^[[10;17H^^[[48;2;187;173;160m ^^[[48;2;205;193;180m       ^^[
[48;2;187;173;160m ^^[[0m")...executed.

runsystem(echo "^^[[11;17H^^[[48;2;187;173;160m ^^[[48;2;205;193;180m       ^^[
[48;2;187;173;160m ^^[[0m")...executed.

runsystem(echo "^^[[12;17H^^[[48;2;187;173;160m ^^[[48;2;205;193;180m       ^^[
[48;2;187;173;160m ^^[[0m")...executed.

runsystem(echo "^^[[13;17H^^[[48;2;187;173;160m         ^^[[0m")...executed.

runsystem(echo "^^[[9;25H^^[[48;2;187;173;160m         ^^[[0m")...executed.

runsystem(echo "^^[[10;25H^^[[48;2;187;173;160m ^^[[48;2;205;193;180m       ^^[
[48;2;187;173;160m ^^[[0m")...executed.

runsystem(echo "^^[[11;25H^^[[48;2;187;173;160m ^^[[48;2;205;193;180m       ^^[
[48;2;187;173;160m ^^[[0m")...executed.

runsystem(echo "^^[[12;25H^^[[48;2;187;173;160m ^^[[48;2;205;193;180m       ^^[
[48;2;187;173;160m ^^[[0m")...executed.

runsystem(echo "^^[[13;25H^^[[48;2;187;173;160m         ^^[[0m")...executed.

runsystem(echo "^^[[13;1H^^[[48;2;187;173;160m         ^^[[0m")...executed.

runsystem(echo "^^[[14;1H^^[[48;2;187;173;160m ^^[[48;2;237;224;200m       ^^[[
48;2;187;173;160m ^^[[0m")...executed.

runsystem(echo "^^[[15;1H^^[[48;2;187;173;160m ^^[[48;2;237;224;200m   ^^[[38;2
;119;110;101m^^[[1m4^^[[0m^^[[48;2;237;224;200m   ^^[[48;2;187;173;160m ^^[[0m"
)...executed.

runsystem(echo "^^[[16;1H^^[[48;2;187;173;160m ^^[[48;2;237;224;200m       ^^[[
48;2;187;173;160m ^^[[0m")...executed.

runsystem(echo "^^[[17;1H^^[[48;2;187;173;160m         ^^[[0m")...executed.

runsystem(echo "^^[[13;9H^^[[48;2;187;173;160m         ^^[[0m")...executed.

runsystem(echo "^^[[14;9H^^[[48;2;187;173;160m ^^[[48;2;205;193;180m       ^^[[
48;2;187;173;160m ^^[[0m")...executed.

runsystem(echo "^^[[15;9H^^[[48;2;187;173;160m ^^[[48;2;205;193;180m       ^^[[
48;2;187;173;160m ^^[[0m")...executed.

runsystem(echo "^^[[16;9H^^[[48;2;187;173;160m ^^[[48;2;205;193;180m       ^^[[
48;2;187;173;160m ^^[[0m")...executed.

runsystem(echo "^^[[17;9H^^[[48;2;187;173;160m         ^^[[0m")...executed.

runsystem(echo "^^[[13;17H^^[[48;2;187;173;160m         ^^[[0m")...executed.

runsystem(echo "^^[[14;17H^^[[48;2;187;173;160m ^^[[48;2;205;193;180m       ^^[
[48;2;187;173;160m ^^[[0m")...executed.

runsystem(echo "^^[[15;17H^^[[48;2;187;173;160m ^^[[48;2;205;193;180m       ^^[
[48;2;187;173;160m ^^[[0m")...executed.

runsystem(echo "^^[[16;17H^^[[48;2;187;173;160m ^^[[48;2;205;193;180m       ^^[
[48;2;187;173;160m ^^[[0m")...executed.

runsystem(echo "^^[[17;17H^^[[48;2;187;173;160m         ^^[[0m")...executed.

runsystem(echo "^^[[13;25H^^[[48;2;187;173;160m         ^^[[0m")...executed.

runsystem(echo "^^[[14;25H^^[[48;2;187;173;160m ^^[[48;2;237;224;200m       ^^[
[48;2;187;173;160m ^^[[0m")...executed.

runsystem(echo "^^[[15;25H^^[[48;2;187;173;160m ^^[[48;2;237;224;200m   ^^[[38;
2;119;110;101m^^[[1m4^^[[0m^^[[48;2;237;224;200m   ^^[[48;2;187;173;160m ^^[[0m
")...executed.

runsystem(echo "^^[[16;25H^^[[48;2;187;173;160m ^^[[48;2;237;224;200m       ^^[
[48;2;187;173;160m ^^[[0m")...executed.

runsystem(echo "^^[[17;25H^^[[48;2;187;173;160m         ^^[[0m")...executed.

j
runsystem(echo -n "^^[[0J")...executed.

runsystem(echo -n "^^[[1;36H^^[[1mScore^^[[0m: ^^[[33;1m8^^[[0m^^[[2;1H")...exe
cuted.

runsystem(echo "^^[[1;1H^^[[48;2;187;173;160m         ^^[[0m")...executed.

runsystem(echo "^^[[2;1H^^[[48;2;187;173;160m ^^[[48;2;205;193;180m       ^^[[4
8;2;187;173;160m ^^[[0m")...executed.

runsystem(echo "^^[[3;1H^^[[48;2;187;173;160m ^^[[48;2;205;193;180m       ^^[[4
8;2;187;173;160m ^^[[0m")...executed.

runsystem(echo "^^[[4;1H^^[[48;2;187;173;160m ^^[[48;2;205;193;180m       ^^[[4
8;2;187;173;160m ^^[[0m")...executed.

runsystem(echo "^^[[5;1H^^[[48;2;187;173;160m         ^^[[0m")...executed.

runsystem(echo "^^[[1;9H^^[[48;2;187;173;160m         ^^[[0m")...executed.

runsystem(echo "^^[[2;9H^^[[48;2;187;173;160m ^^[[48;2;205;193;180m       ^^[[4
8;2;187;173;160m ^^[[0m")...executed.

runsystem(echo "^^[[3;9H^^[[48;2;187;173;160m ^^[[48;2;205;193;180m       ^^[[4
8;2;187;173;160m ^^[[0m")...executed.

runsystem(echo "^^[[4;9H^^[[48;2;187;173;160m ^^[[48;2;205;193;180m       ^^[[4
8;2;187;173;160m ^^[[0m")...executed.

runsystem(echo "^^[[5;9H^^[[48;2;187;173;160m         ^^[[0m")...executed.

runsystem(echo "^^[[1;17H^^[[48;2;187;173;160m         ^^[[0m")...executed.

runsystem(echo "^^[[2;17H^^[[48;2;187;173;160m ^^[[48;2;205;193;180m       ^^[[
48;2;187;173;160m ^^[[0m")...executed.

runsystem(echo "^^[[3;17H^^[[48;2;187;173;160m ^^[[48;2;205;193;180m       ^^[[
48;2;187;173;160m ^^[[0m")...executed.

runsystem(echo "^^[[4;17H^^[[48;2;187;173;160m ^^[[48;2;205;193;180m       ^^[[
48;2;187;173;160m ^^[[0m")...executed.

runsystem(echo "^^[[5;17H^^[[48;2;187;173;160m         ^^[[0m")...executed.

runsystem(echo "^^[[1;25H^^[[48;2;187;173;160m         ^^[[0m")...executed.

runsystem(echo "^^[[2;25H^^[[48;2;187;173;160m ^^[[48;2;205;193;180m       ^^[[
48;2;187;173;160m ^^[[0m")...executed.

runsystem(echo "^^[[3;25H^^[[48;2;187;173;160m ^^[[48;2;205;193;180m       ^^[[
48;2;187;173;160m ^^[[0m")...executed.

runsystem(echo "^^[[4;25H^^[[48;2;187;173;160m ^^[[48;2;205;193;180m       ^^[[
48;2;187;173;160m ^^[[0m")...executed.

runsystem(echo "^^[[5;25H^^[[48;2;187;173;160m         ^^[[0m")...executed.

runsystem(echo "^^[[5;1H^^[[48;2;187;173;160m         ^^[[0m")...executed.

runsystem(echo "^^[[6;1H^^[[48;2;187;173;160m ^^[[48;2;205;193;180m       ^^[[4
8;2;187;173;160m ^^[[0m")...executed.

runsystem(echo "^^[[7;1H^^[[48;2;187;173;160m ^^[[48;2;205;193;180m       ^^[[4
8;2;187;173;160m ^^[[0m")...executed.

runsystem(echo "^^[[8;1H^^[[48;2;187;173;160m ^^[[48;2;205;193;180m       ^^[[4
8;2;187;173;160m ^^[[0m")...executed.

runsystem(echo "^^[[9;1H^^[[48;2;187;173;160m         ^^[[0m")...executed.

runsystem(echo "^^[[5;9H^^[[48;2;187;173;160m         ^^[[0m")...executed.

runsystem(echo "^^[[6;9H^^[[48;2;187;173;160m ^^[[48;2;205;193;180m       ^^[[4
8;2;187;173;160m ^^[[0m")...executed.

runsystem(echo "^^[[7;9H^^[[48;2;187;173;160m ^^[[48;2;205;193;180m       ^^[[4
8;2;187;173;160m ^^[[0m")...executed.

runsystem(echo "^^[[8;9H^^[[48;2;187;173;160m ^^[[48;2;205;193;180m       ^^[[4
8;2;187;173;160m ^^[[0m")...executed.

runsystem(echo "^^[[9;9H^^[[48;2;187;173;160m         ^^[[0m")...executed.

runsystem(echo "^^[[5;17H^^[[48;2;187;173;160m         ^^[[0m")...executed.

runsystem(echo "^^[[6;17H^^[[48;2;187;173;160m ^^[[48;2;205;193;180m       ^^[[
48;2;187;173;160m ^^[[0m")...executed.

runsystem(echo "^^[[7;17H^^[[48;2;187;173;160m ^^[[48;2;205;193;180m       ^^[[
48;2;187;173;160m ^^[[0m")...executed.

runsystem(echo "^^[[8;17H^^[[48;2;187;173;160m ^^[[48;2;205;193;180m       ^^[[
48;2;187;173;160m ^^[[0m")...executed.

runsystem(echo "^^[[9;17H^^[[48;2;187;173;160m         ^^[[0m")...executed.

runsystem(echo "^^[[5;25H^^[[48;2;187;173;160m         ^^[[0m")...executed.

runsystem(echo "^^[[6;25H^^[[48;2;187;173;160m ^^[[48;2;205;193;180m       ^^[[
48;2;187;173;160m ^^[[0m")...executed.

runsystem(echo "^^[[7;25H^^[[48;2;187;173;160m ^^[[48;2;205;193;180m       ^^[[
48;2;187;173;160m ^^[[0m")...executed.

runsystem(echo "^^[[8;25H^^[[48;2;187;173;160m ^^[[48;2;205;193;180m       ^^[[
48;2;187;173;160m ^^[[0m")...executed.

runsystem(echo "^^[[9;25H^^[[48;2;187;173;160m         ^^[[0m")...executed.

runsystem(echo "^^[[9;1H^^[[48;2;187;173;160m         ^^[[0m")...executed.

runsystem(echo "^^[[10;1H^^[[48;2;187;173;160m ^^[[48;2;205;193;180m       ^^[[
48;2;187;173;160m ^^[[0m")...executed.

runsystem(echo "^^[[11;1H^^[[48;2;187;173;160m ^^[[48;2;205;193;180m       ^^[[
48;2;187;173;160m ^^[[0m")...executed.

runsystem(echo "^^[[12;1H^^[[48;2;187;173;160m ^^[[48;2;205;193;180m       ^^[[
48;2;187;173;160m ^^[[0m")...executed.

runsystem(echo "^^[[13;1H^^[[48;2;187;173;160m         ^^[[0m")...executed.

runsystem(echo "^^[[9;9H^^[[48;2;187;173;160m         ^^[[0m")...executed.

runsystem(echo "^^[[10;9H^^[[48;2;187;173;160m ^^[[48;2;205;193;180m       ^^[[
48;2;187;173;160m ^^[[0m")...executed.

runsystem(echo "^^[[11;9H^^[[48;2;187;173;160m ^^[[48;2;205;193;180m       ^^[[
48;2;187;173;160m ^^[[0m")...executed.

runsystem(echo "^^[[12;9H^^[[48;2;187;173;160m ^^[[48;2;205;193;180m       ^^[[
48;2;187;173;160m ^^[[0m")...executed.

runsystem(echo "^^[[13;9H^^[[48;2;187;173;160m         ^^[[0m")...executed.

runsystem(echo "^^[[9;17H^^[[48;2;187;173;160m         ^^[[0m")...executed.

runsystem(echo "^^[[10;17H^^[[48;2;187;173;160m ^^[[48;2;238;228;218m       ^^[
[48;2;187;173;160m ^^[[0m")...executed.

runsystem(echo "^^[[11;17H^^[[48;2;187;173;160m ^^[[48;2;238;228;218m   ^^[[38;
2;119;110;101m^^[[1m2^^[[0m^^[[48;2;238;228;218m   ^^[[48;2;187;173;160m ^^[[0m
")...executed.

runsystem(echo "^^[[12;17H^^[[48;2;187;173;160m ^^[[48;2;238;228;218m       ^^[
[48;2;187;173;160m ^^[[0m")...executed.

runsystem(echo "^^[[13;17H^^[[48;2;187;173;160m         ^^[[0m")...executed.

runsystem(echo "^^[[9;25H^^[[48;2;187;173;160m         ^^[[0m")...executed.

runsystem(echo "^^[[10;25H^^[[48;2;187;173;160m ^^[[48;2;205;193;180m       ^^[
[48;2;187;173;160m ^^[[0m")...executed.

runsystem(echo "^^[[11;25H^^[[48;2;187;173;160m ^^[[48;2;205;193;180m       ^^[
[48;2;187;173;160m ^^[[0m")...executed.

runsystem(echo "^^[[12;25H^^[[48;2;187;173;160m ^^[[48;2;205;193;180m       ^^[
[48;2;187;173;160m ^^[[0m")...executed.

runsystem(echo "^^[[13;25H^^[[48;2;187;173;160m         ^^[[0m")...executed.

runsystem(echo "^^[[13;1H^^[[48;2;187;173;160m         ^^[[0m")...executed.

runsystem(echo "^^[[14;1H^^[[48;2;187;173;160m ^^[[48;2;242;177;121m       ^^[[
48;2;187;173;160m ^^[[0m")...executed.

runsystem(echo "^^[[15;1H^^[[48;2;187;173;160m ^^[[48;2;242;177;121m   ^^[[38;2
;249;246;242m^^[[1m8^^[[0m^^[[48;2;242;177;121m   ^^[[48;2;187;173;160m ^^[[0m"
)...executed.

runsystem(echo "^^[[16;1H^^[[48;2;187;173;160m ^^[[48;2;242;177;121m       ^^[[
48;2;187;173;160m ^^[[0m")...executed.

runsystem(echo "^^[[17;1H^^[[48;2;187;173;160m         ^^[[0m")...executed.

runsystem(echo "^^[[13;9H^^[[48;2;187;173;160m         ^^[[0m")...executed.

runsystem(echo "^^[[14;9H^^[[48;2;187;173;160m ^^[[48;2;205;193;180m       ^^[[
48;2;187;173;160m ^^[[0m")...executed.

runsystem(echo "^^[[15;9H^^[[48;2;187;173;160m ^^[[48;2;205;193;180m       ^^[[
48;2;187;173;160m ^^[[0m")...executed.

runsystem(echo "^^[[16;9H^^[[48;2;187;173;160m ^^[[48;2;205;193;180m       ^^[[
48;2;187;173;160m ^^[[0m")...executed.

runsystem(echo "^^[[17;9H^^[[48;2;187;173;160m         ^^[[0m")...executed.

runsystem(echo "^^[[13;17H^^[[48;2;187;173;160m         ^^[[0m")...executed.

runsystem(echo "^^[[14;17H^^[[48;2;187;173;160m ^^[[48;2;205;193;180m       ^^[
[48;2;187;173;160m ^^[[0m")...executed.

runsystem(echo "^^[[15;17H^^[[48;2;187;173;160m ^^[[48;2;205;193;180m       ^^[
[48;2;187;173;160m ^^[[0m")...executed.

runsystem(echo "^^[[16;17H^^[[48;2;187;173;160m ^^[[48;2;205;193;180m       ^^[
[48;2;187;173;160m ^^[[0m")...executed.

runsystem(echo "^^[[17;17H^^[[48;2;187;173;160m         ^^[[0m")...executed.

runsystem(echo "^^[[13;25H^^[[48;2;187;173;160m         ^^[[0m")...executed.

runsystem(echo "^^[[14;25H^^[[48;2;187;173;160m ^^[[48;2;237;224;200m       ^^[
[48;2;187;173;160m ^^[[0m")...executed.

runsystem(echo "^^[[15;25H^^[[48;2;187;173;160m ^^[[48;2;237;224;200m   ^^[[38;
2;119;110;101m^^[[1m4^^[[0m^^[[48;2;237;224;200m   ^^[[48;2;187;173;160m ^^[[0m
")...executed.

runsystem(echo "^^[[16;25H^^[[48;2;187;173;160m ^^[[48;2;237;224;200m       ^^[
[48;2;187;173;160m ^^[[0m")...executed.

runsystem(echo "^^[[17;25H^^[[48;2;187;173;160m         ^^[[0m")...executed.

k'
runsystem(echo -n "^^[[0J")...executed.

runsystem(echo -n "^^[[1;36H^^[[1mScore^^[[0m: ^^[[33;1m8^^[[0m^^[[2;1H")...exe
cuted.

runsystem(echo "^^[[1;1H^^[[48;2;187;173;160m         ^^[[0m")...executed.

runsystem(echo "^^[[2;1H^^[[48;2;187;173;160m ^^[[48;2;242;177;121m       ^^[[4
8;2;187;173;160m ^^[[0m")...executed.

runsystem(echo "^^[[3;1H^^[[48;2;187;173;160m ^^[[48;2;242;177;121m   ^^[[38;2;
249;246;242m^^[[1m8^^[[0m^^[[48;2;242;177;121m   ^^[[48;2;187;173;160m ^^[[0m")
...executed.

runsystem(echo "^^[[4;1H^^[[48;2;187;173;160m ^^[[48;2;242;177;121m       ^^[[4
8;2;187;173;160m ^^[[0m")...executed.

runsystem(echo "^^[[5;1H^^[[48;2;187;173;160m         ^^[[0m")...executed.

runsystem(echo "^^[[1;9H^^[[48;2;187;173;160m         ^^[[0m")...executed.

runsystem(echo "^^[[2;9H^^[[48;2;187;173;160m ^^[[48;2;205;193;180m       ^^[[4
8;2;187;173;160m ^^[[0m")...executed.

runsystem(echo "^^[[3;9H^^[[48;2;187;173;160m ^^[[48;2;205;193;180m       ^^[[4
8;2;187;173;160m ^^[[0m")...executed.

runsystem(echo "^^[[4;9H^^[[48;2;187;173;160m ^^[[48;2;205;193;180m       ^^[[4
8;2;187;173;160m ^^[[0m")...executed.

runsystem(echo "^^[[5;9H^^[[48;2;187;173;160m         ^^[[0m")...executed.

runsystem(echo "^^[[1;17H^^[[48;2;187;173;160m         ^^[[0m")...executed.

runsystem(echo "^^[[2;17H^^[[48;2;187;173;160m ^^[[48;2;238;228;218m       ^^[[
48;2;187;173;160m ^^[[0m")...executed.

runsystem(echo "^^[[3;17H^^[[48;2;187;173;160m ^^[[48;2;238;228;218m   ^^[[38;2
;119;110;101m^^[[1m2^^[[0m^^[[48;2;238;228;218m   ^^[[48;2;187;173;160m ^^[[0m"
)...executed.

runsystem(echo "^^[[4;17H^^[[48;2;187;173;160m ^^[[48;2;238;228;218m       ^^[[
48;2;187;173;160m ^^[[0m")...executed.

runsystem(echo "^^[[5;17H^^[[48;2;187;173;160m         ^^[[0m")...executed.

runsystem(echo "^^[[1;25H^^[[48;2;187;173;160m         ^^[[0m")...executed.

runsystem(echo "^^[[2;25H^^[[48;2;187;173;160m ^^[[48;2;237;224;200m       ^^[[
48;2;187;173;160m ^^[[0m")...executed.

runsystem(echo "^^[[3;25H^^[[48;2;187;173;160m ^^[[48;2;237;224;200m   ^^[[38;2
;119;110;101m^^[[1m4^^[[0m^^[[48;2;237;224;200m   ^^[[48;2;187;173;160m ^^[[0m"
)...executed.

runsystem(echo "^^[[4;25H^^[[48;2;187;173;160m ^^[[48;2;237;224;200m       ^^[[
48;2;187;173;160m ^^[[0m")...executed.

runsystem(echo "^^[[5;25H^^[[48;2;187;173;160m         ^^[[0m")...executed.

runsystem(echo "^^[[5;1H^^[[48;2;187;173;160m         ^^[[0m")...executed.

runsystem(echo "^^[[6;1H^^[[48;2;187;173;160m ^^[[48;2;205;193;180m       ^^[[4
8;2;187;173;160m ^^[[0m")...executed.

runsystem(echo "^^[[7;1H^^[[48;2;187;173;160m ^^[[48;2;205;193;180m       ^^[[4
8;2;187;173;160m ^^[[0m")...executed.

runsystem(echo "^^[[8;1H^^[[48;2;187;173;160m ^^[[48;2;205;193;180m       ^^[[4
8;2;187;173;160m ^^[[0m")...executed.

runsystem(echo "^^[[9;1H^^[[48;2;187;173;160m         ^^[[0m")...executed.

runsystem(echo "^^[[5;9H^^[[48;2;187;173;160m         ^^[[0m")...executed.

runsystem(echo "^^[[6;9H^^[[48;2;187;173;160m ^^[[48;2;205;193;180m       ^^[[4
8;2;187;173;160m ^^[[0m")...executed.

runsystem(echo "^^[[7;9H^^[[48;2;187;173;160m ^^[[48;2;205;193;180m       ^^[[4
8;2;187;173;160m ^^[[0m")...executed.

runsystem(echo "^^[[8;9H^^[[48;2;187;173;160m ^^[[48;2;205;193;180m       ^^[[4
8;2;187;173;160m ^^[[0m")...executed.

runsystem(echo "^^[[9;9H^^[[48;2;187;173;160m         ^^[[0m")...executed.

runsystem(echo "^^[[5;17H^^[[48;2;187;173;160m         ^^[[0m")...executed.

runsystem(echo "^^[[6;17H^^[[48;2;187;173;160m ^^[[48;2;205;193;180m       ^^[[
48;2;187;173;160m ^^[[0m")...executed.

runsystem(echo "^^[[7;17H^^[[48;2;187;173;160m ^^[[48;2;205;193;180m       ^^[[
48;2;187;173;160m ^^[[0m")...executed.

runsystem(echo "^^[[8;17H^^[[48;2;187;173;160m ^^[[48;2;205;193;180m       ^^[[
48;2;187;173;160m ^^[[0m")...executed.

runsystem(echo "^^[[9;17H^^[[48;2;187;173;160m         ^^[[0m")...executed.

runsystem(echo "^^[[5;25H^^[[48;2;187;173;160m         ^^[[0m")...executed.

runsystem(echo "^^[[6;25H^^[[48;2;187;173;160m ^^[[48;2;205;193;180m       ^^[[
48;2;187;173;160m ^^[[0m")...executed.

runsystem(echo "^^[[7;25H^^[[48;2;187;173;160m ^^[[48;2;205;193;180m       ^^[[
48;2;187;173;160m ^^[[0m")...executed.

runsystem(echo "^^[[8;25H^^[[48;2;187;173;160m ^^[[48;2;205;193;180m       ^^[[
48;2;187;173;160m ^^[[0m")...executed.

runsystem(echo "^^[[9;25H^^[[48;2;187;173;160m         ^^[[0m")...executed.

runsystem(echo "^^[[9;1H^^[[48;2;187;173;160m         ^^[[0m")...executed.

runsystem(echo "^^[[10;1H^^[[48;2;187;173;160m ^^[[48;2;205;193;180m       ^^[[
48;2;187;173;160m ^^[[0m")...executed.

runsystem(echo "^^[[11;1H^^[[48;2;187;173;160m ^^[[48;2;205;193;180m       ^^[[
48;2;187;173;160m ^^[[0m")...executed.

runsystem(echo "^^[[12;1H^^[[48;2;187;173;160m ^^[[48;2;205;193;180m       ^^[[
48;2;187;173;160m ^^[[0m")...executed.

runsystem(echo "^^[[13;1H^^[[48;2;187;173;160m         ^^[[0m")...executed.

runsystem(echo "^^[[9;9H^^[[48;2;187;173;160m         ^^[[0m")...executed.

runsystem(echo "^^[[10;9H^^[[48;2;187;173;160m ^^[[48;2;238;228;218m       ^^[[
48;2;187;173;160m ^^[[0m")...executed.

runsystem(echo "^^[[11;9H^^[[48;2;187;173;160m ^^[[48;2;238;228;218m   ^^[[38;2
;119;110;101m^^[[1m2^^[[0m^^[[48;2;238;228;218m   ^^[[48;2;187;173;160m ^^[[0m"
)...executed.

runsystem(echo "^^[[12;9H^^[[48;2;187;173;160m ^^[[48;2;238;228;218m       ^^[[
48;2;187;173;160m ^^[[0m")...executed.

runsystem(echo "^^[[13;9H^^[[48;2;187;173;160m         ^^[[0m")...executed.

runsystem(echo "^^[[9;17H^^[[48;2;187;173;160m         ^^[[0m")...executed.

runsystem(echo "^^[[10;17H^^[[48;2;187;173;160m ^^[[48;2;205;193;180m       ^^[
[48;2;187;173;160m ^^[[0m")...executed.

runsystem(echo "^^[[11;17H^^[[48;2;187;173;160m ^^[[48;2;205;193;180m       ^^[
[48;2;187;173;160m ^^[[0m")...executed.

runsystem(echo "^^[[12;17H^^[[48;2;187;173;160m ^^[[48;2;205;193;180m       ^^[
[48;2;187;173;160m ^^[[0m")...executed.

runsystem(echo "^^[[13;17H^^[[48;2;187;173;160m         ^^[[0m")...executed.

runsystem(echo "^^[[9;25H^^[[48;2;187;173;160m         ^^[[0m")...executed.

runsystem(echo "^^[[10;25H^^[[48;2;187;173;160m ^^[[48;2;205;193;180m       ^^[
[48;2;187;173;160m ^^[[0m")...executed.

runsystem(echo "^^[[11;25H^^[[48;2;187;173;160m ^^[[48;2;205;193;180m       ^^[
[48;2;187;173;160m ^^[[0m")...executed.

runsystem(echo "^^[[12;25H^^[[48;2;187;173;160m ^^[[48;2;205;193;180m       ^^[
[48;2;187;173;160m ^^[[0m")...executed.

runsystem(echo "^^[[13;25H^^[[48;2;187;173;160m         ^^[[0m")...executed.

runsystem(echo "^^[[13;1H^^[[48;2;187;173;160m         ^^[[0m")...executed.

runsystem(echo "^^[[14;1H^^[[48;2;187;173;160m ^^[[48;2;205;193;180m       ^^[[
48;2;187;173;160m ^^[[0m")...executed.

runsystem(echo "^^[[15;1H^^[[48;2;187;173;160m ^^[[48;2;205;193;180m       ^^[[
48;2;187;173;160m ^^[[0m")...executed.

runsystem(echo "^^[[16;1H^^[[48;2;187;173;160m ^^[[48;2;205;193;180m       ^^[[
48;2;187;173;160m ^^[[0m")...executed.

runsystem(echo "^^[[17;1H^^[[48;2;187;173;160m         ^^[[0m")...executed.

runsystem(echo "^^[[13;9H^^[[48;2;187;173;160m         ^^[[0m")...executed.

runsystem(echo "^^[[14;9H^^[[48;2;187;173;160m ^^[[48;2;205;193;180m       ^^[[
48;2;187;173;160m ^^[[0m")...executed.

runsystem(echo "^^[[15;9H^^[[48;2;187;173;160m ^^[[48;2;205;193;180m       ^^[[
48;2;187;173;160m ^^[[0m")...executed.

runsystem(echo "^^[[16;9H^^[[48;2;187;173;160m ^^[[48;2;205;193;180m       ^^[[
48;2;187;173;160m ^^[[0m")...executed.

runsystem(echo "^^[[17;9H^^[[48;2;187;173;160m         ^^[[0m")...executed.

runsystem(echo "^^[[13;17H^^[[48;2;187;173;160m         ^^[[0m")...executed.

runsystem(echo "^^[[14;17H^^[[48;2;187;173;160m ^^[[48;2;205;193;180m       ^^[
[48;2;187;173;160m ^^[[0m")...executed.

runsystem(echo "^^[[15;17H^^[[48;2;187;173;160m ^^[[48;2;205;193;180m       ^^[
[48;2;187;173;160m ^^[[0m")...executed.

runsystem(echo "^^[[16;17H^^[[48;2;187;173;160m ^^[[48;2;205;193;180m       ^^[
[48;2;187;173;160m ^^[[0m")...executed.

runsystem(echo "^^[[17;17H^^[[48;2;187;173;160m         ^^[[0m")...executed.

runsystem(echo "^^[[13;25H^^[[48;2;187;173;160m         ^^[[0m")...executed.

runsystem(echo "^^[[14;25H^^[[48;2;187;173;160m ^^[[48;2;205;193;180m       ^^[
[48;2;187;173;160m ^^[[0m")...executed.

runsystem(echo "^^[[15;25H^^[[48;2;187;173;160m ^^[[48;2;205;193;180m       ^^[
[48;2;187;173;160m ^^[[0m")...executed.

runsystem(echo "^^[[16;25H^^[[48;2;187;173;160m ^^[[48;2;205;193;180m       ^^[
[48;2;187;173;160m ^^[[0m")...executed.

runsystem(echo "^^[[17;25H^^[[48;2;187;173;160m         ^^[[0m")...executed.

bye

 

runsystem(echo "Goodbye.^^[[?25l")...executed.

 
 
 )
No pages of output.
